{"/home/felipe/Área de Trabalho/Aula7.3/createItem.js": {"path":"/home/felipe/Área de Trabalho/Aula7.3/createItem.js","statementMap":{"0":{"start":{"line":1,"column":19},"end":{"line":17,"column":3}},"1":{"start":{"line":2,"column":1},"end":{"line":4,"column":2}},"2":{"start":{"line":3,"column":3},"end":{"line":3,"column":57}},"3":{"start":{"line":5,"column":1},"end":{"line":7,"column":2}},"4":{"start":{"line":6,"column":3},"end":{"line":6,"column":62}},"5":{"start":{"line":8,"column":1},"end":{"line":10,"column":2}},"6":{"start":{"line":9,"column":3},"end":{"line":9,"column":16}},"7":{"start":{"line":11,"column":1},"end":{"line":16,"column":3}},"8":{"start":{"line":18,"column":2},"end":{"line":18,"column":30}}},"fnMap":{"0":{"name":"(anonymous_0)","decl":{"start":{"line":1,"column":19},"end":{"line":1,"column":20}},"loc":{"start":{"line":1,"column":52},"end":{"line":17,"column":3}},"line":1}},"branchMap":{"0":{"loc":{"start":{"line":2,"column":1},"end":{"line":4,"column":2}},"type":"if","locations":[{"start":{"line":2,"column":1},"end":{"line":4,"column":2}},{"start":{},"end":{}}],"line":2},"1":{"loc":{"start":{"line":5,"column":1},"end":{"line":7,"column":2}},"type":"if","locations":[{"start":{"line":5,"column":1},"end":{"line":7,"column":2}},{"start":{},"end":{}}],"line":5},"2":{"loc":{"start":{"line":8,"column":1},"end":{"line":10,"column":2}},"type":"if","locations":[{"start":{"line":8,"column":1},"end":{"line":10,"column":2}},{"start":{},"end":{}}],"line":8}},"s":{"0":1,"1":6,"2":2,"3":4,"4":2,"5":2,"6":1,"7":2,"8":1},"f":{"0":6},"b":{"0":[2,4],"1":[2,2],"2":[1,1]},"_coverageSchema":"1a1c01bbd47fc00a2c39e90264f33305004495a9","hash":"7ae14b3f662f9c35b777c0d0b1122e210e2bdcb8"}
,"/home/felipe/Área de Trabalho/Aula7.3/sum.js": {"path":"/home/felipe/Área de Trabalho/Aula7.3/sum.js","statementMap":{"0":{"start":{"line":3,"column":1},"end":{"line":5,"column":2}},"1":{"start":{"line":4,"column":3},"end":{"line":4,"column":49}},"2":{"start":{"line":7,"column":1},"end":{"line":7,"column":14}},"3":{"start":{"line":10,"column":2},"end":{"line":10,"column":23}}},"fnMap":{"0":{"name":"sum","decl":{"start":{"line":2,"column":9},"end":{"line":2,"column":12}},"loc":{"start":{"line":2,"column":19},"end":{"line":8,"column":3}},"line":2}},"branchMap":{"0":{"loc":{"start":{"line":3,"column":1},"end":{"line":5,"column":2}},"type":"if","locations":[{"start":{"line":3,"column":1},"end":{"line":5,"column":2}},{"start":{},"end":{}}],"line":3},"1":{"loc":{"start":{"line":3,"column":5},"end":{"line":3,"column":51}},"type":"binary-expr","locations":[{"start":{"line":3,"column":5},"end":{"line":3,"column":26}},{"start":{"line":3,"column":30},"end":{"line":3,"column":51}}],"line":3}},"s":{"0":4,"1":2,"2":2,"3":1},"f":{"0":4},"b":{"0":[2,2],"1":[4,4]},"_coverageSchema":"1a1c01bbd47fc00a2c39e90264f33305004495a9","hash":"2b756bf08197c90a01c5eb3f28407b02238f4217"}
}
